Desktop is 1280 x 720 @ 120 Hz
Initialize engine version: 2018.3.0f2 (6e9a27477296)
GfxDevice: creating device client; threaded=1
Renderer: Mesa Intel(R) UHD Graphics 620 (WHL GT2)
Vendor:   Intel
Version:  4.6 (Core Profile) Mesa 21.3.3
GLES:     0
 GL_3DFX_texture_compression_FXT1 GL_AMD_conservative_depth GL_AMD_depth_clamp_separate GL_AMD_draw_buffers_blend GL_AMD_gpu_shader_int64 GL_AMD_multi_draw_indirect GL_AMD_performance_monitor GL_AMD_pinned_memory GL_AMD_query_buffer_object GL_AMD_seamless_cubemap_per_texture GL_AMD_shader_stencil_export GL_AMD_shader_trinary_minmax GL_AMD_texture_texture4 GL_AMD_vertex_shader_layer GL_AMD_vertex_shader_viewport_index GL_ANGLE_texture_compression_dxt3 GL_ANGLE_texture_compression_dxt5 GL_ARB_ES2_compatibility GL_ARB_ES3_1_compatibility GL_ARB_ES3_2_compatibility GL_ARB_ES3_compatibility GL_ARB_arrays_of_arrays GL_ARB_base_instance GL_ARB_blend_func_extended GL_ARB_buffer_storage GL_ARB_clear_buffer_object GL_ARB_clear_texture GL_ARB_clip_control GL_ARB_compressed_texture_pixel_storage GL_ARB_compute_shader GL_ARB_compute_variable_group_size GL_ARB_conditional_render_inverted GL_ARB_conservative_depth GL_ARB_copy_buffer GL_ARB_copy_image GL_ARB_cull_distance GL_ARB_debug_output GL_ARB_depth_buffer_float GL_ARB
_depth_clamp GL_ARB_derivative_control GL_ARB_direct_state_access GL_ARB_draw_buffers GL_ARB_draw_buffers_blend GL_ARB_draw_elements_base_vertex GL_ARB_draw_indirect GL_ARB_draw_instanced GL_ARB_enhanced_layouts GL_ARB_explicit_attrib_location GL_ARB_explicit_uniform_location GL_ARB_fragment_coord_conventions GL_ARB_fragment_layer_viewport GL_ARB_fragment_shader GL_ARB_fragment_shader_interlock GL_ARB_framebuffer_no_attachments GL_ARB_framebuffer_object GL_ARB_framebuffer_sRGB GL_ARB_get_program_binary GL_ARB_get_texture_sub_image GL_ARB_gl_spirv GL_ARB_gpu_shader5 GL_ARB_gpu_shader_fp64 GL_ARB_gpu_shader_int64 GL_ARB_half_float_pixel GL_ARB_half_float_vertex GL_ARB_indirect_parameters GL_ARB_instanced_arrays GL_ARB_internalformat_query GL_ARB_internalformat_query2 GL_ARB_invalidate_subdata GL_ARB_map_buffer_alignment GL_ARB_map_buffer_range GL_ARB_multi_bind GL_ARB_multi_draw_indirect GL_ARB_occlusion_query2 GL_ARB_parallel_shader_compile GL_ARB_pipeline_statistics_query GL_ARB_pixel_buffer_object GL_ARB_po
int_sprite GL_ARB_polygon_offset_clamp GL_ARB_post_depth_coverage GL_ARB_program_interface_query GL_ARB_provoking_vertex GL_ARB_query_buffer_object GL_ARB_robust_buffer_access_behavior GL_ARB_robustness GL_ARB_sample_shading GL_ARB_sampler_objects GL_ARB_seamless_cube_map GL_ARB_seamless_cubemap_per_texture GL_ARB_separate_shader_objects GL_ARB_shader_atomic_counter_ops GL_ARB_shader_atomic_counters GL_ARB_shader_ballot GL_ARB_shader_bit_encoding GL_ARB_shader_clock GL_ARB_shader_draw_parameters GL_ARB_shader_group_vote GL_ARB_shader_image_load_store GL_ARB_shader_image_size GL_ARB_shader_objects GL_ARB_shader_precision GL_ARB_shader_stencil_export GL_ARB_shader_storage_buffer_object GL_ARB_shader_subroutine GL_ARB_shader_texture_image_samples GL_ARB_shader_texture_lod GL_ARB_shader_viewport_layer_array GL_ARB_shading_language_420pack GL_ARB_shading_language_include GL_ARB_shading_language_packing GL_ARB_spirv_extensions GL_ARB_stencil_texturing GL_ARB_sync GL_ARB_tessellation_shader GL_ARB_texture_barrier G
L_ARB_texture_buffer_object GL_ARB_texture_buffer_object_rgb32 GL_ARB_texture_buffer_range GL_ARB_texture_compression_bptc GL_ARB_texture_compression_rgtc GL_ARB_texture_cube_map_array GL_ARB_texture_filter_anisotropic GL_ARB_texture_float GL_ARB_texture_gather GL_ARB_texture_mirror_clamp_to_edge GL_ARB_texture_multisample GL_ARB_texture_non_power_of_two GL_ARB_texture_query_levels GL_ARB_texture_query_lod GL_ARB_texture_rectangle GL_ARB_texture_rg GL_ARB_texture_rgb10_a2ui GL_ARB_texture_stencil8 GL_ARB_texture_storage GL_ARB_texture_storage_multisample GL_ARB_texture_swizzle GL_ARB_texture_view GL_ARB_timer_query GL_ARB_transform_feedback2 GL_ARB_transform_feedback3 GL_ARB_transform_feedback_instanced GL_ARB_transform_feedback_overflow_query GL_ARB_uniform_buffer_object GL_ARB_vertex_array_bgra GL_ARB_vertex_array_object GL_ARB_vertex_attrib_64bit GL_ARB_vertex_attrib_binding GL_ARB_vertex_buffer_object GL_ARB_vertex_shader GL_ARB_vertex_type_10f_11f_11f_rev GL_ARB_vertex_type_2_10_10_10_rev GL_ARB_viewpor
t_array GL_ATI_blend_equation_separate GL_ATI_texture_float GL_EXT_EGL_image_storage GL_EXT_EGL_sync GL_EXT_abgr GL_EXT_blend_equation_separate GL_EXT_demote_to_helper_invocation GL_EXT_draw_buffers2 GL_EXT_draw_instanced GL_EXT_framebuffer_blit GL_EXT_framebuffer_multisample GL_EXT_framebuffer_multisample_blit_scaled GL_EXT_framebuffer_object GL_EXT_framebuffer_sRGB GL_EXT_memory_object GL_EXT_memory_object_fd GL_EXT_packed_depth_stencil GL_EXT_packed_float GL_EXT_pixel_buffer_object GL_EXT_polygon_offset_clamp GL_EXT_provoking_vertex GL_EXT_semaphore GL_EXT_semaphore_fd GL_EXT_shader_framebuffer_fetch GL_EXT_shader_framebuffer_fetch_non_coherent GL_EXT_shader_integer_mix GL_EXT_shader_samples_identical GL_EXT_texture_array GL_EXT_texture_compression_dxt1 GL_EXT_texture_compression_rgtc GL_EXT_texture_compression_s3tc GL_EXT_texture_filter_anisotropic GL_EXT_texture_integer GL_EXT_texture_sRGB GL_EXT_texture_sRGB_R8 GL_EXT_texture_sRGB_decode GL_EXT_texture_shadow_lod GL_EXT_texture_shared_exponent GL_EXT_t
exture_snorm GL_EXT_texture_swizzle GL_EXT_timer_query GL_EXT_transform_feedback GL_EXT_vertex_array_bgra GL_EXT_vertex_attrib_64bit GL_IBM_multimode_draw_arrays GL_INTEL_blackhole_render GL_INTEL_conservative_rasterization GL_INTEL_performance_query GL_INTEL_shader_atomic_float_minmax GL_INTEL_shader_integer_functions2 GL_KHR_blend_equation_advanced GL_KHR_blend_equation_advanced_coherent GL_KHR_context_flush_control GL_KHR_debug GL_KHR_no_error GL_KHR_parallel_shader_compile GL_KHR_robust_buffer_access_behavior GL_KHR_robustness GL_KHR_texture_compression_astc_ldr GL_KHR_texture_compression_astc_sliced_3d GL_MESA_framebuffer_flip_y GL_MESA_pack_invert GL_MESA_shader_integer_functions GL_MESA_texture_signed_rgba GL_NV_compute_shader_derivatives GL_NV_conditional_render GL_NV_copy_image GL_NV_depth_clamp GL_NV_fragment_shader_interlock GL_NV_packed_depth_stencil GL_NV_texture_barrier GL_OES_EGL_image GL_S3_s3tc
OPENGL LOG: Creating OpenGL 4.6 graphics device ; Context level  <OpenGL 4.5> ; Context handle 52355808
Begin MonoManager ReloadAssembly
- Completed reload, in  0.113 seconds
Default vsync count 0
requesting resize 1280 x 720
Using native desktop resolution 1280 x 720
requesting fullscreen 1280 x 720 at 0 Hz
Desktop is 1280 x 720 @ 120 Hz
UnloadTime: 0.446000 ms
Desktop is 1280 x 720 @ 120 Hz
Running with resolution: 1280 x 720
 
(Filename: ./Runtime/Export/Debug.bindings.h Line: 45)

Couldn't read exhibition mode config file. Exceptions: System.IO.DirectoryNotFoundException: Could not find a part of the path "/home/gabri/My Games/Orwell/game.cfg".
  at System.IO.FileStream..ctor (System.String path, System.IO.FileMode mode, System.IO.FileAccess access, System.IO.FileShare share, System.Int32 bufferSize, System.Boolean anonymous, System.IO.FileOptions options) [0x0017d] in <0000d56de0ae43ca875d7babfd990580>:0 
  at System.IO.FileStream..ctor (System.String path, System.IO.FileMode mode, System.IO.FileAccess access, System.IO.FileShare share, System.Int32 bufferSize) [0x00000] in <0000d56de0ae43ca875d7babfd990580>:0 
  at (wrapper remoting-invoke-with-check) System.IO.FileStream..ctor(string,System.IO.FileMode,System.IO.FileAccess,System.IO.FileShare,int)
  at System.Xml.XmlDownloadManager.GetStream (System.Uri uri, System.Net.ICredentials credentials, System.Net.IWebProxy proxy, System.Net.Cache.RequestCachePolicy cachePolicy) [0x00018] in <fe0e6f140c4b48d8aa1157e558e9e215>:0 
  at System.Xml.XmlUrlResolver.GetEntity (System.Uri absoluteUri, System.String role, System.Type ofObjectToReturn) [0x00032] in <fe0e6f140c4b48d8aa1157e558e9e215>:0 
  at System.Xml.XmlTextReaderImpl.OpenUrlDelegate (System.Object xmlResolver) [0x0000c] in <fe0e6f140c4b48d8aa1157e558e9e215>:0 
  at System.Xml.XmlTextReaderImpl.OpenUrl () [0x0005e] in <fe0e6f140c4b48d8aa1157e558e9e215>:0 
  at System.Xml.XmlTextReaderImpl.Read () [0x00093] in <fe0e6f140c4b48d8aa1157e558e9e215>:0 
  at System.Xml.XmlLoader.Load (System.Xml.XmlDocument doc, System.Xml.XmlReader reader, System.Boolean preserveWhitespace) [0x000a6] in <fe0e6f140c4b48d8aa1157e558e9e215>:0 
  at System.Xml.XmlDocument.Load (System.Xml.XmlReader reader) [0x0002e] in <fe0e6f140c4b48d8aa1157e558e9e215>:0 
  at System.Xml.XmlDocument.Load (System.String filename) [0x00013] in <fe0e6f140c4b48d8aa1157e558e9e215>:0 
  at GameConfiguration.ReadConfigFile () [0x00014] in <74153be9234e456da91271ecc8146211>:0 
 
(Filename: ./Runtime/Export/Debug.bindings.h Line: 45)

requesting resize 1280 x 720
Using native desktop resolution 1280 x 720
requesting fullscreen 1280 x 720 at 0 Hz
Desktop is 1280 x 720 @ 120 Hz
Began loading main menu scene! Any lag you are experiencing occurs only in editor mode!
 
(Filename: ./Runtime/Export/Debug.bindings.h Line: 45)

Shader 'Custom/ChromaKey': fallback shader 'Unlit' not found
Disabling all old event systems, and enabling new one on the gameobject 'EventSystem (UnityEngine.GameObject)' of scene 'main_menu'.
 
(Filename: ./Runtime/Export/Debug.bindings.h Line: 45)

_updateDropsKeys and _updateDropsValues are not in the savegame definition, because the savegame is of an older version than the introduction of tracking when a bookmark got found:
System.Runtime.Serialization.SerializationException: Member '_updateDropsKeysDay1' was not found.
  at System.Runtime.Serialization.SerializationInfo.GetElement (System.String name, System.Type& foundType) [0x00020] in <0000d56de0ae43ca875d7babfd990580>:0 
  at System.Runtime.Serialization.SerializationInfo.GetValue (System.String name, System.Type type) [0x0002c] in <0000d56de0ae43ca875d7babfd990580>:0 
  at Orwell.Saving.SaveGame..ctor (System.Runtime.Serialization.SerializationInfo info, System.Runtime.Serialization.StreamingContext ctxt) [0x000cb] in <74153be9234e456da91271ecc8146211>:0 
 
(Filename: ./Runtime/Export/Debug.bindings.h Line: 45)

_atClockStateExecutionTimeIds and _atClockStateExecutionTime are not in the savegame definition, because the savegame is of an older version than the introduction of tracking when a AtClockTimeState with the InTimeFromNow mode was executed:
System.Runtime.Serialization.SerializationException: Member '_atClockStateExecutionTimeIds' was not found.
  at System.Runtime.Serialization.SerializationInfo.GetElement (System.String name, System.Type& foundType) [0x00020] in <0000d56de0ae43ca875d7babfd990580>:0 
  at System.Runtime.Serialization.SerializationInfo.GetValue (System.String name, System.Type type) [0x0002c] in <0000d56de0ae43ca875d7babfd990580>:0 
  at Orwell.Saving.SaveGame..ctor (System.Runtime.Serialization.SerializationInfo info, System.Runtime.Serialization.StreamingContext ctxt) [0x001f7] in <74153be9234e456da91271ecc8146211>:0 
 
(Filename: ./Runtime/Export/Debug.bindings.h Line: 45)

Savegame read from steam cloud
 
(Filename: ./Runtime/Export/Debug.bindings.h Line: 45)

Error parsing ping output!
ERROR: ld.so: object '/home/gabri/.local/share/Steam/ubuntu12_32/gameoverlayrenderer.so' from LD_PRELOAD cannot be preloaded (wrong ELF class: ELFCLASS32): ignored.
PING 8.8.8.8 (8.8.8.8) 56(84) bytes of data.

--- 8.8.8.8 ping statistics ---
1 packets tra
 
(Filename:  Line: 1008)

Going to unload scene: main_menu_loader
 
(Filename: ./Runtime/Export/Debug.bindings.h Line: 45)

Playing oneshot audio: MainMenuBoot, clip: main_menu_boot, vol: 0.8
 
(Filename: ./Runtime/Export/Debug.bindings.h Line: 45)

Received stats and achievements from Steam

 
(Filename: ./Runtime/Export/Debug.bindings.h Line: 45)

SteamUserStats.GetAchievement got Achievement ACH_DAY1_COMPLETE
 
(Filename: ./Runtime/Export/Debug.bindings.h Line: 45)

SteamUserStats.GetAchievement got Achievement ACH_DAY2_COMPLETE
 
(Filename: ./Runtime/Export/Debug.bindings.h Line: 45)

SteamUserStats.GetAchievement got Achievement ACH_DAY3_COMPLETE
 
(Filename: ./Runtime/Export/Debug.bindings.h Line: 45)

SteamUserStats.GetAchievement got Achievement ACH_DAY4_COMPLETE
 
(Filename: ./Runtime/Export/Debug.bindings.h Line: 45)

SteamUserStats.GetAchievement got Achievement ACH_DAY5_COMPLETE
 
(Filename: ./Runtime/Export/Debug.bindings.h Line: 45)

SteamUserStats.GetAchievement got Achievement ACH_DAY1_CASSANDRASUSPICIOUS
 
(Filename: ./Runtime/Export/Debug.bindings.h Line: 45)

SteamUserStats.GetAchievement got Achievement ACH_DAY1_CASSANDRANOTSUSPICIOUS
 
(Filename: ./Runtime/Export/Debug.bindings.h Line: 45)

SteamUserStats.GetAchievement got Achievement ACH_DAY1_WINEBOUGHT
 
(Filename: ./Runtime/Export/Debug.bindings.h Line: 45)

SteamUserStats.GetAchievement got Achievement ACH_DAY2_PREVENTBOMBING
 
(Filename: ./Runtime/Export/Debug.bindings.h Line: 45)

SteamUserStats.GetAchievement got Achievement ACH_DAY2_NOTPREVENTBOMBING
 
(Filename: ./Runtime/Export/Debug.bindings.h Line: 45)

SteamUserStats.GetAchievement got Achievement ACH_DAY2_HARRISONSPARED
 
(Filename: ./Runtime/Export/Debug.bindings.h Line: 45)

SteamUserStats.GetAchievement got Achievement ACH_DAY2_JULIETFAVORITES
 
(Filename: ./Runtime/Export/Debug.bindings.h Line: 45)

SteamUserStats.GetAchievement got Achievement ACH_DAY3_NINAKILLED
 
(Filename: ./Runtime/Export/Debug.bindings.h Line: 45)

SteamUserStats.GetAchievement got Achievement ACH_DAY3_NINAARRESTED
 
(Filename: ./Runtime/Export/Debug.bindings.h Line: 45)

SteamUserStats.GetAchievement got Achievement ACH_DAY3_NINAESCAPED
 
(Filename: ./Runtime/Export/Debug.bindings.h Line: 45)

SteamUserStats.GetAchievement got Achievement ACH_DAY3_HACKPASSED
 
(Filename: ./Runtime/Export/Debug.bindings.h Line: 45)

SteamUserStats.GetAchievement got Achievement ACH_DAY4_JOSEFARRESTED
 
(Filename: ./Runtime/Export/Debug.bindings.h Line: 45)

SteamUserStats.GetAchievement got Achievement ACH_DAY4_JOSEFNOTARRESTED
 
(Filename: ./Runtime/Export/Debug.bindings.h Line: 45)

SteamUserStats.GetAchievement got Achievement ACH_DAY4_ABRAHAMSFAMILY
 
(Filename: ./Runtime/Export/Debug.bindings.h Line: 45)

SteamUserStats.GetAchievement got Achievement ACH_DAY4_WINMINIGAME
 
(Filename: ./Runtime/Export/Debug.bindings.h Line: 45)

SteamUserStats.GetAchievement got Achievement ACH_DAY5_HARRISONARRESTED
 
(Filename: ./Runtime/Export/Debug.bindings.h Line: 45)

SteamUserStats.GetAchievement got Achievement ACH_DAY5_JOSEFCASSANDRAUNITED
 
(Filename: ./Runtime/Export/Debug.bindings.h Line: 45)

SteamUserStats.GetAchievement got Achievement ACH_DAY5_TRUTHUNCOVERED
 
(Filename: ./Runtime/Export/Debug.bindings.h Line: 45)

SteamUserStats.GetAchievement got Achievement ACH_DAY5_HACKERIDENTIFIED
 
(Filename: ./Runtime/Export/Debug.bindings.h Line: 45)

SteamUserStats.GetAchievement got Achievement ACH_END_THOUGHTCRIMINALS
 
(Filename: ./Runtime/Export/Debug.bindings.h Line: 45)

SteamUserStats.GetAchievement got Achievement ACH_END_CATHERINEARRESTED
 
(Filename: ./Runtime/Export/Debug.bindings.h Line: 45)

SteamUserStats.GetAchievement got Achievement ACH_END_UPRISEAGAINSTORWELL
 
(Filename: ./Runtime/Export/Debug.bindings.h Line: 45)

Received global stats from steam
 
(Filename: ./Runtime/Export/Debug.bindings.h Line: 45)

end of video reached
 
(Filename: ./Runtime/Export/Debug.bindings.h Line: 45)

Began loading intro scene! Any lag you are experiencing occurs only in editor mode!
 
(Filename: ./Runtime/Export/Debug.bindings.h Line: 45)

Began loading game scene! Any lag you are experiencing occurs only in editor mode!
 
(Filename: ./Runtime/Export/Debug.bindings.h Line: 45)

The referenced script on this Behaviour (Game Object 'txt_') is missing!
 
(Filename:  Line: 294)

The referenced script on this Behaviour (Game Object 'TextDraggable0') is missing!
 
(Filename:  Line: 294)

Playing oneshot audio: MainMenuNextStep, clip: main_menu_next_step, vol: 0.8
 
(Filename: ./Runtime/Export/Debug.bindings.h Line: 45)

Playing oneshot audio: MainMenuNextStep, clip: main_menu_next_step, vol: 0.8
 
(Filename: ./Runtime/Export/Debug.bindings.h Line: 45)

Playing oneshot audio: MainMenuNextStep, clip: main_menu_next_step, vol: 0.8
 
(Filename: ./Runtime/Export/Debug.bindings.h Line: 45)

Playing oneshot audio: MainMenuLogin, clip: main_menu_login, vol: 0.8
 
(Filename: ./Runtime/Export/Debug.bindings.h Line: 45)

Playing oneshot audio: MainMenuLogin, clip: main_menu_login, vol: 0.8
 
(Filename: ./Runtime/Export/Debug.bindings.h Line: 45)

LOADING SAVEGAME HAS STARTED.
 
(Filename: ./Runtime/Export/Debug.bindings.h Line: 45)

ActivateGameScene
 
(Filename: ./Runtime/Export/Debug.bindings.h Line: 45)

Disabling all old event systems, and enabling new one on the gameobject 'EventSystem (UnityEngine.GameObject)' of scene 'intro'.
 
(Filename: ./Runtime/Export/Debug.bindings.h Line: 45)

Going to unload scene: intro
 
(Filename: ./Runtime/Export/Debug.bindings.h Line: 45)

No other audio listener found to be activated.
 
(Filename: ./Runtime/Export/Debug.bindings.h Line: 45)

Disabling all old event systems, and enabling new one on the gameobject 'EventSystem (UnityEngine.GameObject)' of scene 'game'.
 
(Filename: ./Runtime/Export/Debug.bindings.h Line: 45)

DontDestroyOnLoad only work for root GameObjects or components on root GameObjects.
 
(Filename:  Line: 516)

Cosmos: adding a data chunk with id 'data_harrison_firedfromtnb'.
 
(Filename: ./Runtime/Export/Debug.bindings.h Line: 45)

Cosmos: adding a data chunk with id 'data_harrison_bankaccount'.
 
(Filename: ./Runtime/Export/Debug.bindings.h Line: 45)

Cosmos: adding a data chunk with id 'data_harrison_flowersforangela'.
 
(Filename: ./Runtime/Export/Debug.bindings.h Line: 45)

Cosmos: adding a data chunk with id 'data_harrison_invitedudemwe'.
 
(Filename: ./Runtime/Export/Debug.bindings.h Line: 45)

Cosmos: adding a data chunk with id 'data_harrison_blogger'.
 
(Filename: ./Runtime/Export/Debug.bindings.h Line: 45)

Cosmos: adding a data chunk with id 'data_udemwe_antigov'.
 
(Filename: ./Runtime/Export/Debug.bindings.h Line: 45)

Cosmos: adding a data chunk with id 'data_harrison_hacker'.
 
(Filename: ./Runtime/Export/Debug.bindings.h Line: 45)

Cosmos: adding a data chunk with id 'data_harrison_suspectedofbombing'.
 
(Filename: ./Runtime/Export/Debug.bindings.h Line: 45)

Cosmos: adding a data chunk with id 'data_harrison_firedfromtnb'.
 
(Filename: ./Runtime/Export/Debug.bindings.h Line: 45)

Cosmos: adding a data chunk with id 'data_harrison_blogger'.
 
(Filename: ./Runtime/Export/Debug.bindings.h Line: 45)

Cosmos: adding a data chunk with id 'data_josef_blackmail'.
 
(Filename: ./Runtime/Export/Debug.bindings.h Line: 45)

Cosmos: adding a data chunk with id 'data_abraham_plan'.
 
(Filename: ./Runtime/Export/Debug.bindings.h Line: 45)

Cosmos: adding a data chunk with id 'data_harrison_single'.
 
(Filename: ./Runtime/Export/Debug.bindings.h Line: 45)

Cosmos: adding a data chunk with id 'data_harrison_atccc'.
 
(Filename: ./Runtime/Export/Debug.bindings.h Line: 45)

Cosmos: adding a data chunk with id 'data_nina_patientnr'.
 
(Filename: ./Runtime/Export/Debug.bindings.h Line: 45)

Cosmos: adding a data chunk with id 'data_nina_lastname'.
 
(Filename: ./Runtime/Export/Debug.bindings.h Line: 45)

Cosmos: adding a data chunk with id 'data_udemwe_memberofthought'.
 
(Filename: ./Runtime/Export/Debug.bindings.h Line: 45)

Cosmos: adding a data chunk with id 'data_abraham_conferencecall'.
 
(Filename: ./Runtime/Export/Debug.bindings.h Line: 45)

Cosmos: adding a data chunk with id 'data_harrison_quittnb'.
 
(Filename: ./Runtime/Export/Debug.bindings.h Line: 45)

Cosmos: adding a data chunk with id 'data_abraham_conferencecall'.
 
(Filename: ./Runtime/Export/Debug.bindings.h Line: 45)

Cosmos: adding a data chunk with id 'data_harrison_invitedudemwe'.
 
(Filename: ./Runtime/Export/Debug.bindings.h Line: 45)

Cosmos: adding a data chunk with id 'data_harrison_partnerincrime'.
 
(Filename: ./Runtime/Export/Debug.bindings.h Line: 45)

Cosmos: adding a data chunk with id 'data_nina_angry'.
 
(Filename: ./Runtime/Export/Debug.bindings.h Line: 45)

Cosmos: adding a data chunk with id 'data_harrison_relationshipmarca'.
 
(Filename: ./Runtime/Export/Debug.bindings.h Line: 45)

Cosmos: adding a data chunk with id 'data_harrison_planstostayawayfromhome'.
 
(Filename: ./Runtime/Export/Debug.bindings.h Line: 45)

Cosmos: adding a data chunk with id 'data_abraham_notmeanttokill'.
 
(Filename: ./Runtime/Export/Debug.bindings.h Line: 45)

Cosmos: adding a data chunk with id 'data_abraham_commitbombings'.
 
(Filename: ./Runtime/Export/Debug.bindings.h Line: 45)

Cosmos: adding a data chunk with id 'data_abraham_conferencecall'.
 
(Filename: ./Runtime/Export/Debug.bindings.h Line: 45)

Cosmos: adding a data chunk with id 'data_josef_blackmail'.
 
(Filename: ./Runtime/Export/Debug.bindings.h Line: 45)

Cosmos: adding a data chunk with id 'data_udemwe_attackedorwell'.
 
(Filename: ./Runtime/Export/Debug.bindings.h Line: 45)

Cosmos: adding a data chunk with id 'data_nina_opposessafetybill'.
 
(Filename: ./Runtime/Export/Debug.bindings.h Line: 45)

The referenced script (Unknown) on this Behaviour is missing!
 
(Filename:  Line: 195)

The referenced script on this Behaviour (Game Object '<null>') is missing!
 
(Filename:  Line: 294)

Uploading Crash Report
NullReferenceException
  at (wrapper managed-to-native) UnityEngine.RectTransform.get_sizeDelta_Injected(UnityEngine.RectTransform,UnityEngine.Vector2&)
  at UnityEngine.RectTransform.get_sizeDelta () [0x00000] in <d5e15447e36441d9bc7c5bd494facac1>:0 
  at UnityEngine.UI.HorizontalOrVerticalLayoutGroup.GetChildSizes (UnityEngine.RectTransform child, System.Int32 axis, System.Boolean controlSize, System.Boolean childForceExpand, System.Single& min, System.Single& preferred, System.Single& flexible) [0x00008] in <d8a17036f3054790a43ef58626f72ed2>:0 
  at UnityEngine.UI.HorizontalOrVerticalLayoutGroup.CalcAlongAxis (System.Int32 axis, System.Boolean isVertical) [0x00080] in <d8a17036f3054790a43ef58626f72ed2>:0 
  at UnityEngine.UI.HorizontalLayoutGroup.CalculateLayoutInputVertical () [0x00001] in <d8a17036f3054790a43ef58626f72ed2>:0 
  at LocalizeLayoutGroup+<UpdateLayoutGroup>d__4.MoveNext () [0x000a0] in <74153be9234e456da91271ecc8146211>:0 
  at UnityEngine.SetupCoroutine.InvokeMoveNext (System.Collections.IEnumerator enumerator, System.IntPtr returnValueAddress) [0x00027] in <d5e15447e36441d9bc7c5bd494facac1>:0 
 
(Filename: <d5e15447e36441d9bc7c5bd494facac1> Line: 0)

NullReferenceException
  at (wrapper managed-to-native) UnityEngine.RectTransform.get_sizeDelta_Injected(UnityEngine.RectTransform,UnityEngine.Vector2&)
  at UnityEngine.RectTransform.get_sizeDelta () [0x00000] in <d5e15447e36441d9bc7c5bd494facac1>:0 
  at UnityEngine.UI.HorizontalOrVerticalLayoutGroup.GetChildSizes (UnityEngine.RectTransform child, System.Int32 axis, System.Boolean controlSize, System.Boolean childForceExpand, System.Single& min, System.Single& preferred, System.Single& flexible) [0x00008] in <d8a17036f3054790a43ef58626f72ed2>:0 
  at UnityEngine.UI.HorizontalOrVerticalLayoutGroup.CalcAlongAxis (System.Int32 axis, System.Boolean isVertical) [0x00080] in <d8a17036f3054790a43ef58626f72ed2>:0 
  at UnityEngine.UI.HorizontalLayoutGroup.CalculateLayoutInputVertical () [0x00001] in <d8a17036f3054790a43ef58626f72ed2>:0 
  at LocalizeLayoutGroup+<UpdateLayoutGroup>d__4.MoveNext () [0x000a0] in <74153be9234e456da91271ecc8146211>:0 
  at UnityEngine.SetupCoroutine.InvokeMoveNext (System.Collections.IEnumerator enumerator, System.IntPtr returnValueAddress) [0x00027] in <d5e15447e36441d9bc7c5bd494facac1>:0 
 
(Filename: <d5e15447e36441d9bc7c5bd494facac1> Line: 0)

NullReferenceException
  at (wrapper managed-to-native) UnityEngine.RectTransform.get_sizeDelta_Injected(UnityEngine.RectTransform,UnityEngine.Vector2&)
  at UnityEngine.RectTransform.get_sizeDelta () [0x00000] in <d5e15447e36441d9bc7c5bd494facac1>:0 
  at UnityEngine.UI.HorizontalOrVerticalLayoutGroup.GetChildSizes (UnityEngine.RectTransform child, System.Int32 axis, System.Boolean controlSize, System.Boolean childForceExpand, System.Single& min, System.Single& preferred, System.Single& flexible) [0x00008] in <d8a17036f3054790a43ef58626f72ed2>:0 
  at UnityEngine.UI.HorizontalOrVerticalLayoutGroup.CalcAlongAxis (System.Int32 axis, System.Boolean isVertical) [0x00080] in <d8a17036f3054790a43ef58626f72ed2>:0 
  at UnityEngine.UI.HorizontalLayoutGroup.CalculateLayoutInputVertical () [0x00001] in <d8a17036f3054790a43ef58626f72ed2>:0 
  at LocalizeLayoutGroup+<UpdateLayoutGroup>d__4.MoveNext () [0x000a0] in <74153be9234e456da91271ecc8146211>:0 
  at UnityEngine.SetupCoroutine.InvokeMoveNext (System.Collections.IEnumerator enumerator, System.IntPtr returnValueAddress) [0x00027] in <d5e15447e36441d9bc7c5bd494facac1>:0 
 
(Filename: <d5e15447e36441d9bc7c5bd494facac1> Line: 0)

NullReferenceException
  at (wrapper managed-to-native) UnityEngine.RectTransform.get_sizeDelta_Injected(UnityEngine.RectTransform,UnityEngine.Vector2&)
  at UnityEngine.RectTransform.get_sizeDelta () [0x00000] in <d5e15447e36441d9bc7c5bd494facac1>:0 
  at UnityEngine.UI.HorizontalOrVerticalLayoutGroup.GetChildSizes (UnityEngine.RectTransform child, System.Int32 axis, System.Boolean controlSize, System.Boolean childForceExpand, System.Single& min, System.Single& preferred, System.Single& flexible) [0x00008] in <d8a17036f3054790a43ef58626f72ed2>:0 
  at UnityEngine.UI.HorizontalOrVerticalLayoutGroup.CalcAlongAxis (System.Int32 axis, System.Boolean isVertical) [0x00080] in <d8a17036f3054790a43ef58626f72ed2>:0 
  at UnityEngine.UI.HorizontalLayoutGroup.CalculateLayoutInputVertical () [0x00001] in <d8a17036f3054790a43ef58626f72ed2>:0 
  at LocalizeLayoutGroup+<UpdateLayoutGroup>d__4.MoveNext () [0x000a0] in <74153be9234e456da91271ecc8146211>:0 
  at UnityEngine.SetupCoroutine.InvokeMoveNext (System.Collections.IEnumerator enumerator, System.IntPtr returnValueAddress) [0x00027] in <d5e15447e36441d9bc7c5bd494facac1>:0 
 
(Filename: <d5e15447e36441d9bc7c5bd494facac1> Line: 0)

NullReferenceException
  at (wrapper managed-to-native) UnityEngine.RectTransform.get_sizeDelta_Injected(UnityEngine.RectTransform,UnityEngine.Vector2&)
  at UnityEngine.RectTransform.get_sizeDelta () [0x00000] in <d5e15447e36441d9bc7c5bd494facac1>:0 
  at UnityEngine.UI.HorizontalOrVerticalLayoutGroup.GetChildSizes (UnityEngine.RectTransform child, System.Int32 axis, System.Boolean controlSize, System.Boolean childForceExpand, System.Single& min, System.Single& preferred, System.Single& flexible) [0x00008] in <d8a17036f3054790a43ef58626f72ed2>:0 
  at UnityEngine.UI.HorizontalOrVerticalLayoutGroup.CalcAlongAxis (System.Int32 axis, System.Boolean isVertical) [0x00080] in <d8a17036f3054790a43ef58626f72ed2>:0 
  at UnityEngine.UI.HorizontalLayoutGroup.CalculateLayoutInputVertical () [0x00001] in <d8a17036f3054790a43ef58626f72ed2>:0 
  at LocalizeLayoutGroup+<UpdateLayoutGroup>d__4.MoveNext () [0x000a0] in <74153be9234e456da91271ecc8146211>:0 
  at UnityEngine.SetupCoroutine.InvokeMoveNext (System.Collections.IEnumerator enumerator, System.IntPtr returnValueAddress) [0x00027] in <d5e15447e36441d9bc7c5bd494facac1>:0 
 
(Filename: <d5e15447e36441d9bc7c5bd494facac1> Line: 0)

NullReferenceException
  at (wrapper managed-to-native) UnityEngine.RectTransform.get_sizeDelta_Injected(UnityEngine.RectTransform,UnityEngine.Vector2&)
  at UnityEngine.RectTransform.get_sizeDelta () [0x00000] in <d5e15447e36441d9bc7c5bd494facac1>:0 
  at UnityEngine.UI.HorizontalOrVerticalLayoutGroup.GetChildSizes (UnityEngine.RectTransform child, System.Int32 axis, System.Boolean controlSize, System.Boolean childForceExpand, System.Single& min, System.Single& preferred, System.Single& flexible) [0x00008] in <d8a17036f3054790a43ef58626f72ed2>:0 
  at UnityEngine.UI.HorizontalOrVerticalLayoutGroup.CalcAlongAxis (System.Int32 axis, System.Boolean isVertical) [0x00080] in <d8a17036f3054790a43ef58626f72ed2>:0 
  at UnityEngine.UI.HorizontalLayoutGroup.CalculateLayoutInputVertical () [0x00001] in <d8a17036f3054790a43ef58626f72ed2>:0 
  at LocalizeLayoutGroup+<UpdateLayoutGroup>d__4.MoveNext () [0x000a0] in <74153be9234e456da91271ecc8146211>:0 
  at UnityEngine.SetupCoroutine.InvokeMoveNext (System.Collections.IEnumerator enumerator, System.IntPtr returnValueAddress) [0x00027] in <d5e15447e36441d9bc7c5bd494facac1>:0 
 
(Filename: <d5e15447e36441d9bc7c5bd494facac1> Line: 0)

Error parsing ping output!
ERROR: ld.so: object '/home/gabri/.local/share/Steam/ubuntu12_32/gameoverlayrenderer.so' from LD_PRELOAD cannot be preloaded (wrong ELF class: ELFCLASS32): ignored.
PING 8.8.8.8 (8.8.8.8) 56(84) bytes of data.

--- 8.8.8.8 ping statistics ---
1 packets tra
 
(Filename:  Line: 1008)

DontDestroyOnLoad only work for root GameObjects or components on root GameObjects.
 
(Filename:  Line: 516)

Uploading Crash Report
Setting up 4 worker threads for Enlighten.
  Thread -> id: 7f0565df2640 -> priority: 1 
  Thread -> id: 7f05dd0ff640 -> priority: 1 
  Thread -> id: 7f05655f1640 -> priority: 1 
  Thread -> id: 7f0564df0640 -> priority: 1 
