--------------------------------------------------------------------------------
[Jun 14, 2021, 1:02:54.4 PM:ERROR:refill_unblinded_tokens.cc(189)] Failed to get signed tokens
--------------------------------------------------------------------------------
[Jun 14, 2021, 1:17:47.9 PM:ERROR:credentials_promotion.cc(503)] Token list empty
[Jun 14, 2021, 1:17:47.9 PM:ERROR:wallet.cc(162)] Claiming tokens failed
[Jun 14, 2021, 1:17:50.7 PM:ERROR:credentials_promotion.cc(503)] Token list empty
[Jun 14, 2021, 1:17:50.7 PM:ERROR:wallet.cc(162)] Claiming tokens failed
--------------------------------------------------------------------------------
[Jun 14, 2021, 1:19:00.1 PM:ERROR:credentials_promotion.cc(503)] Token list empty
[Jun 14, 2021, 1:19:00.1 PM:ERROR:wallet.cc(162)] Claiming tokens failed
[Jun 14, 2021, 1:21:22.9 PM:ERROR:publisher.cc(763)] Publisher info not found
[Jun 14, 2021, 1:21:22.9 PM:ERROR:publisher.cc(763)] Publisher info not found
[Jun 14, 2021, 3:12:41.3 PM:ERROR:publisher.cc(763)] Publisher info not found
[Jun 14, 2021, 3:12:41.3 PM:ERROR:publisher.cc(763)] Publisher info not found
[Jun 14, 2021, 3:14:25.5 PM:ERROR:publisher.cc(763)] Publisher info not found
[Jun 14, 2021, 3:14:25.5 PM:ERROR:publisher.cc(763)] Publisher info not found
--------------------------------------------------------------------------------
[Jun 14, 2021, 3:25:59.3 PM:ERROR:credentials_promotion.cc(503)] Token list empty
[Jun 14, 2021, 3:25:59.3 PM:ERROR:wallet.cc(162)] Claiming tokens failed
[Jun 14, 2021, 3:25:59.6 PM:ERROR:credentials_promotion.cc(503)] Token list empty
[Jun 14, 2021, 3:25:59.6 PM:ERROR:wallet.cc(162)] Claiming tokens failed
--------------------------------------------------------------------------------
[Jun 14, 2021, 5:36:16.0 PM:ERROR:publisher.cc(763)] Publisher info not found
--------------------------------------------------------------------------------
[Jun 24, 2021, 1:25:49.5 PM:ERROR:publisher.cc(763)] Publisher info not found
[Jun 24, 2021, 1:25:49.5 PM:ERROR:publisher.cc(763)] Publisher info not found
[Jun 24, 2021, 1:27:47.7 PM:ERROR:publisher.cc(763)] Publisher info not found
[Jun 24, 2021, 1:27:47.7 PM:ERROR:publisher.cc(763)] Publisher info not found
[Jun 24, 2021, 1:36:16.7 PM:ERROR:publisher.cc(763)] Publisher info not found
--------------------------------------------------------------------------------
[Jun 24, 2021, 1:58:01.7 PM:ERROR:rewards_service_impl.cc(3348)] Decrypting failed for wallets.uphold
[Jun 24, 2021, 1:58:10.6 PM:ERROR:rewards_service_impl.cc(3348)] Decrypting failed for wallets.brave
[Jun 24, 2021, 1:58:10.6 PM:ERROR:rewards_service_impl.cc(3348)] Decrypting failed for wallets.uphold
[Jun 24, 2021, 1:58:12.0 PM:ERROR:rewards_service_impl.cc(3348)] Decrypting failed for wallets.uphold
[Jun 24, 2021, 1:58:14.8 PM:ERROR:rewards_service_impl.cc(3348)] Decrypting failed for wallets.brave
[Jun 24, 2021, 1:58:14.8 PM:ERROR:ad_rewards.cc(65)] Failed to reconcile ad rewards due to invalid wallet
[Jun 24, 2021, 1:58:14.8 PM:ERROR:redeem_unblinded_payment_tokens.cc(55)] Failed to redeem unblinded payment tokens due to invalid wallet
--------------------------------------------------------------------------------
[Jun 24, 2021, 2:03:19.0 PM:ERROR:rewards_service_impl.cc(3348)] Decrypting failed for wallets.uphold
[Jun 24, 2021, 2:03:21.5 PM:ERROR:rewards_service_impl.cc(3348)] Decrypting failed for wallets.brave
[Jun 24, 2021, 2:03:22.0 PM:ERROR:ad_rewards.cc(65)] Failed to reconcile ad rewards due to invalid wallet
[Jun 24, 2021, 2:03:22.0 PM:ERROR:redeem_unblinded_payment_tokens.cc(55)] Failed to redeem unblinded payment tokens due to invalid wallet
[Jun 24, 2021, 2:03:34.7 PM:ERROR:rewards_service_impl.cc(3348)] Decrypting failed for wallets.uphold
[Jun 24, 2021, 2:04:36.0 PM:ERROR:publisher.cc(763)] Publisher info not found
--------------------------------------------------------------------------------
[Jun 24, 2021, 2:09:17.2 PM:ERROR:rewards_service_impl.cc(3348)] Decrypting failed for wallets.uphold
[Jun 24, 2021, 2:09:17.8 PM:ERROR:rewards_service_impl.cc(3348)] Decrypting failed for wallets.brave
[Jun 24, 2021, 2:09:18.1 PM:ERROR:rewards_service_impl.cc(3348)] Decrypting failed for wallets.brave
[Jun 24, 2021, 2:09:18.1 PM:ERROR:rewards_service_impl.cc(3348)] Decrypting failed for wallets.uphold
[Jun 24, 2021, 2:09:18.4 PM:ERROR:ad_rewards.cc(65)] Failed to reconcile ad rewards due to invalid wallet
[Jun 24, 2021, 2:09:18.4 PM:ERROR:redeem_unblinded_payment_tokens.cc(55)] Failed to redeem unblinded payment tokens due to invalid wallet
[Jun 24, 2021, 2:12:19.7 PM:ERROR:creative_new_tab_page_ads_database_table.cc(422)] Failed to get creative new tab page ad
[Jun 24, 2021, 2:12:20.0 PM:ERROR:rewards_service_impl.cc(3348)] Decrypting failed for wallets.uphold
--------------------------------------------------------------------------------
[Jun 24, 2021, 2:22:39.8 PM:ERROR:rewards_service_impl.cc(3348)] Decrypting failed for wallets.uphold
[Jun 24, 2021, 2:22:40.3 PM:ERROR:rewards_service_impl.cc(3348)] Decrypting failed for wallets.brave
[Jun 24, 2021, 2:22:40.6 PM:ERROR:rewards_service_impl.cc(3348)] Decrypting failed for wallets.brave
[Jun 24, 2021, 2:22:40.6 PM:ERROR:rewards_service_impl.cc(3348)] Decrypting failed for wallets.uphold
[Jun 24, 2021, 2:22:41.0 PM:ERROR:ad_rewards.cc(65)] Failed to reconcile ad rewards due to invalid wallet
[Jun 24, 2021, 2:22:41.0 PM:ERROR:redeem_unblinded_payment_tokens.cc(55)] Failed to redeem unblinded payment tokens due to invalid wallet
[Jun 24, 2021, 2:23:25.9 PM:ERROR:creative_new_tab_page_ads_database_table.cc(422)] Failed to get creative new tab page ad
[Jun 24, 2021, 2:23:26.2 PM:ERROR:rewards_service_impl.cc(3348)] Decrypting failed for wallets.uphold
--------------------------------------------------------------------------------
[Jun 24, 2021, 2:27:30.2 PM:ERROR:rewards_service_impl.cc(3348)] Decrypting failed for wallets.uphold
[Jun 24, 2021, 2:27:30.8 PM:ERROR:rewards_service_impl.cc(3348)] Decrypting failed for wallets.brave
[Jun 24, 2021, 2:27:31.1 PM:ERROR:rewards_service_impl.cc(3348)] Decrypting failed for wallets.uphold
[Jun 24, 2021, 2:27:31.5 PM:ERROR:ad_rewards.cc(65)] Failed to reconcile ad rewards due to invalid wallet
[Jun 24, 2021, 2:27:31.5 PM:ERROR:redeem_unblinded_payment_tokens.cc(55)] Failed to redeem unblinded payment tokens due to invalid wallet
--------------------------------------------------------------------------------
[Jun 24, 2021, 2:31:58.2 PM:ERROR:rewards_service_impl.cc(3348)] Decrypting failed for wallets.uphold
[Jun 24, 2021, 2:31:58.8 PM:ERROR:rewards_service_impl.cc(3348)] Decrypting failed for wallets.brave
[Jun 24, 2021, 2:31:59.2 PM:ERROR:rewards_service_impl.cc(3348)] Decrypting failed for wallets.uphold
[Jun 24, 2021, 2:31:59.5 PM:ERROR:ad_rewards.cc(65)] Failed to reconcile ad rewards due to invalid wallet
[Jun 24, 2021, 2:31:59.5 PM:ERROR:redeem_unblinded_payment_tokens.cc(55)] Failed to redeem unblinded payment tokens due to invalid wallet
[Jun 24, 2021, 2:37:14.8 PM:ERROR:creative_new_tab_page_ads_database_table.cc(422)] Failed to get creative new tab page ad
[Jun 24, 2021, 2:37:15.1 PM:ERROR:rewards_service_impl.cc(3348)] Decrypting failed for wallets.brave
[Jun 24, 2021, 2:37:15.1 PM:ERROR:rewards_service_impl.cc(3348)] Decrypting failed for wallets.uphold
--------------------------------------------------------------------------------
[Jun 24, 2021, 2:38:51.0 PM:ERROR:rewards_service_impl.cc(3348)] Decrypting failed for wallets.uphold
[Jun 24, 2021, 2:38:52.6 PM:ERROR:rewards_service_impl.cc(3348)] Decrypting failed for wallets.brave
[Jun 24, 2021, 2:38:53.0 PM:ERROR:ad_rewards.cc(65)] Failed to reconcile ad rewards due to invalid wallet
[Jun 24, 2021, 2:38:53.1 PM:ERROR:redeem_unblinded_payment_tokens.cc(55)] Failed to redeem unblinded payment tokens due to invalid wallet
[Jun 24, 2021, 2:38:53.6 PM:ERROR:rewards_service_impl.cc(3348)] Decrypting failed for wallets.uphold
[Jun 24, 2021, 2:41:02.4 PM:ERROR:publisher.cc(763)] Publisher info not found
[Jun 24, 2021, 2:41:02.4 PM:ERROR:publisher.cc(763)] Publisher info not found
[Jun 24, 2021, 2:41:59.0 PM:ERROR:creative_new_tab_page_ads_database_table.cc(422)] Failed to get creative new tab page ad
[Jun 24, 2021, 2:41:59.3 PM:ERROR:rewards_service_impl.cc(3348)] Decrypting failed for wallets.uphold
[Jun 24, 2021, 2:42:15.7 PM:ERROR:rewards_service_impl.cc(3348)] Decrypting failed for wallets.uphold
[Jun 24, 2021, 2:42:57.5 PM:ERROR:publisher.cc(763)] Publisher info not found
[Jun 24, 2021, 2:43:42.5 PM:ERROR:publisher.cc(763)] Publisher info not found
[Jun 24, 2021, 2:44:24.7 PM:ERROR:rewards_service_impl.cc(3348)] Decrypting failed for wallets.uphold
[Jun 24, 2021, 2:44:46.0 PM:ERROR:publisher.cc(763)] Publisher info not found
[Jun 24, 2021, 2:46:15.9 PM:ERROR:rewards_service_impl.cc(3348)] Decrypting failed for wallets.uphold
[Jun 24, 2021, 2:46:39.8 PM:ERROR:publisher.cc(763)] Publisher info not found
[Jun 24, 2021, 2:46:39.8 PM:ERROR:publisher.cc(763)] Publisher info not found
[Jun 24, 2021, 2:46:39.8 PM:ERROR:publisher.cc(763)] Publisher info not found
[Jun 24, 2021, 2:46:39.8 PM:ERROR:publisher.cc(763)] Publisher info not found
[Jun 24, 2021, 2:46:39.8 PM:ERROR:publisher.cc(763)] Publisher info not found
[Jun 24, 2021, 2:46:39.8 PM:ERROR:publisher.cc(763)] Publisher info not found
[Jun 24, 2021, 2:46:39.8 PM:ERROR:publisher.cc(763)] Publisher info not found
[Jun 24, 2021, 2:46:39.8 PM:ERROR:publisher.cc(763)] Publisher info not found
[Jun 24, 2021, 2:46:39.8 PM:ERROR:publisher.cc(763)] Publisher info not found
[Jun 24, 2021, 2:46:39.8 PM:ERROR:publisher.cc(763)] Publisher info not found
[Jun 24, 2021, 2:47:33.1 PM:ERROR:creative_new_tab_page_ads_database_table.cc(422)] Failed to get creative new tab page ad
[Jun 24, 2021, 2:47:33.4 PM:ERROR:rewards_service_impl.cc(3348)] Decrypting failed for wallets.brave
[Jun 24, 2021, 2:47:33.4 PM:ERROR:rewards_service_impl.cc(3348)] Decrypting failed for wallets.uphold
[Jun 24, 2021, 2:47:50.6 PM:ERROR:publisher.cc(763)] Publisher info not found
[Jun 24, 2021, 2:47:54.8 PM:ERROR:publisher.cc(763)] Publisher info not found
[Jun 24, 2021, 2:47:57.5 PM:ERROR:publisher.cc(763)] Publisher info not found
[Jun 24, 2021, 2:47:58.9 PM:ERROR:publisher.cc(763)] Publisher info not found
[Jun 24, 2021, 2:48:01.2 PM:ERROR:publisher.cc(763)] Publisher info not found
[Jun 24, 2021, 2:48:01.2 PM:ERROR:publisher.cc(763)] Publisher info not found
[Jun 24, 2021, 2:48:04.4 PM:ERROR:publisher.cc(763)] Publisher info not found
[Jun 24, 2021, 2:48:04.4 PM:ERROR:publisher.cc(763)] Publisher info not found
--------------------------------------------------------------------------------
[Jun 24, 2021, 2:58:41.8 PM:ERROR:rewards_service_impl.cc(3348)] Decrypting failed for wallets.uphold
[Jun 24, 2021, 2:58:42.0 PM:ERROR:get_parameters.cc(53)] Unexpected HTTP status: -1
[Jun 24, 2021, 2:58:44.4 PM:ERROR:rewards_service_impl.cc(3348)] Decrypting failed for wallets.brave
[Jun 24, 2021, 2:58:44.9 PM:ERROR:ad_rewards.cc(65)] Failed to reconcile ad rewards due to invalid wallet
[Jun 24, 2021, 2:58:44.9 PM:ERROR:redeem_unblinded_payment_tokens.cc(55)] Failed to redeem unblinded payment tokens due to invalid wallet
[Jun 24, 2021, 2:59:11.9 PM:ERROR:rewards_service_impl.cc(3348)] Decrypting failed for wallets.brave
[Jun 24, 2021, 2:59:11.9 PM:ERROR:get_available.cc(69)] Unexpected HTTP status: -1
--------------------------------------------------------------------------------
[Jun 24, 2021, 3:23:05.9 PM:ERROR:publisher.cc(763)] Publisher info not found
[Jun 24, 2021, 3:28:57.9 PM:ERROR:publisher.cc(763)] Publisher info not found
--------------------------------------------------------------------------------
[Jun 24, 2021, 4:21:26.1 PM:ERROR:publisher.cc(763)] Publisher info not found
--------------------------------------------------------------------------------
[Jun 24, 2021, 5:05:00.7 PM:ERROR:publisher.cc(763)] Publisher info not found
--------------------------------------------------------------------------------
[Jun 24, 2021, 5:45:18.6 PM:ERROR:publisher.cc(763)] Publisher info not found
--------------------------------------------------------------------------------
[Jun 24, 2021, 6:19:04.5 PM:ERROR:publisher.cc(763)] Publisher info not found
--------------------------------------------------------------------------------
[Jun 26, 2021, 3:14:37.1 PM:ERROR:get_available.cc(69)] Unexpected HTTP status: 503
--------------------------------------------------------------------------------
[Jun 26, 2021, 3:16:04.8 PM:ERROR:publisher.cc(763)] Publisher info not found
[Jun 26, 2021, 3:16:04.8 PM:ERROR:publisher.cc(763)] Publisher info not found
[Jun 26, 2021, 3:16:34.5 PM:ERROR:ad_rewards.cc(280)] Payment balance is not ready
[Jun 26, 2021, 3:17:22.9 PM:ERROR:ad_rewards.cc(280)] Payment balance is not ready
[Jun 26, 2021, 3:18:25.2 PM:ERROR:ad_rewards.cc(280)] Payment balance is not ready
--------------------------------------------------------------------------------
[Jun 27, 2021, 10:24:35.5 PM:ERROR:get_card.cc(44)] Unexpected HTTP status: -1
[Jun 27, 2021, 10:24:35.5 PM:ERROR:uphold.cc(158)] Couldn't get balance
[Jun 27, 2021, 10:24:35.5 PM:ERROR:wallet_balance.cc(157)] Can't get uphold balance
--------------------------------------------------------------------------------
[Jul 13, 2021, 12:52:24.1 PM:ERROR:publisher.cc(763)] Publisher info not found
--------------------------------------------------------------------------------
[Jul 15, 2021, 4:41:20.6 PM:ERROR:credentials_sku.cc(305)] Couldn't fetch credentials: RETRY_SHORT
[Jul 15, 2021, 4:41:20.6 PM:ERROR:contribution_sku.cc(248)] Order not completed
--------------------------------------------------------------------------------
[Jul 15, 2021, 5:04:19.3 PM:ERROR:credentials_promotion.cc(503)] Token list empty
[Jul 15, 2021, 5:04:19.3 PM:ERROR:wallet.cc(162)] Claiming tokens failed
[Jul 15, 2021, 5:04:19.6 PM:ERROR:credentials_promotion.cc(503)] Token list empty
[Jul 15, 2021, 5:04:19.6 PM:ERROR:wallet.cc(162)] Claiming tokens failed
[Jul 15, 2021, 5:04:31.1 PM:ERROR:credentials_promotion.cc(503)] Token list empty
[Jul 15, 2021, 5:04:31.1 PM:ERROR:wallet.cc(162)] Claiming tokens failed
[Jul 15, 2021, 5:10:01.3 PM:ERROR:publisher.cc(763)] Publisher info not found
--------------------------------------------------------------------------------
[Jul 15, 2021, 5:16:24.5 PM:ERROR:publisher.cc(763)] Publisher info not found
[Jul 15, 2021, 5:16:24.5 PM:ERROR:publisher.cc(763)] Publisher info not found
--------------------------------------------------------------------------------
[Jul 23, 2021, 10:03:45.6 PM:ERROR:publisher.cc(763)] Publisher info not found
[Jul 23, 2021, 10:03:45.6 PM:ERROR:publisher.cc(763)] Publisher info not found
[Jul 23, 2021, 10:04:02.0 PM:ERROR:publisher.cc(763)] Publisher info not found
[Jul 23, 2021, 10:04:02.0 PM:ERROR:publisher.cc(763)] Publisher info not found
--------------------------------------------------------------------------------
[Jul 24, 2021, 12:36:12.3 PM:ERROR:publisher.cc(763)] Publisher info not found
[Jul 24, 2021, 12:36:12.4 PM:ERROR:publisher.cc(763)] Publisher info not found
--------------------------------------------------------------------------------
[Jul 24, 2021, 7:36:06.6 PM:ERROR:publisher.cc(763)] Publisher info not found
[Jul 24, 2021, 7:44:36.0 PM:ERROR:publisher.cc(763)] Publisher info not found
[Jul 24, 2021, 7:44:36.0 PM:ERROR:publisher.cc(763)] Publisher info not found
[Jul 24, 2021, 7:46:03.4 PM:ERROR:publisher.cc(763)] Publisher info not found
[Jul 24, 2021, 7:49:30.1 PM:ERROR:publisher.cc(763)] Publisher info not found
[Jul 24, 2021, 7:51:22.5 PM:ERROR:publisher.cc(763)] Publisher info not found
[Jul 24, 2021, 7:52:44.9 PM:ERROR:publisher.cc(763)] Publisher info not found
[Jul 24, 2021, 7:56:40.7 PM:ERROR:publisher.cc(763)] Publisher info not found
[Jul 24, 2021, 7:56:40.7 PM:ERROR:publisher.cc(763)] Publisher info not found
[Jul 24, 2021, 8:07:45.6 PM:ERROR:publisher.cc(763)] Publisher info not found
[Jul 24, 2021, 8:08:14.1 PM:ERROR:publisher.cc(763)] Publisher info not found
[Jul 24, 2021, 8:08:14.1 PM:ERROR:publisher.cc(763)] Publisher info not found
--------------------------------------------------------------------------------
[Jul 25, 2021, 11:44:47.5 AM:ERROR:publisher.cc(763)] Publisher info not found
--------------------------------------------------------------------------------
[Jul 26, 2021, 6:32:56.1 PM:ERROR:publisher.cc(763)] Publisher info not found
--------------------------------------------------------------------------------
[Jul 27, 2021, 6:51:04.1 PM:ERROR:publisher.cc(763)] Publisher info not found
[Jul 27, 2021, 7:08:42.7 PM:ERROR:publisher.cc(763)] Publisher info not found
[Jul 27, 2021, 7:09:58.3 PM:ERROR:publisher.cc(763)] Publisher info not found
[Jul 27, 2021, 8:28:01.5 PM:ERROR:publisher.cc(763)] Publisher info not found
[Jul 27, 2021, 8:28:01.5 PM:ERROR:publisher.cc(763)] Publisher info not found
--------------------------------------------------------------------------------
[Jul 28, 2021, 9:39:01.3 AM:ERROR:creative_new_tab_page_ads_database_table.cc(434)] Failed to get creative new tab page ad
--------------------------------------------------------------------------------
[Jul 28, 2021, 7:41:47.8 PM:ERROR:creative_new_tab_page_ads_database_table.cc(434)] Failed to get creative new tab page ad
[Jul 28, 2021, 8:33:23.1 PM:ERROR:creative_new_tab_page_ads_database_table.cc(434)] Failed to get creative new tab page ad
[Jul 28, 2021, 8:56:31.7 PM:ERROR:creative_new_tab_page_ads_database_table.cc(434)] Failed to get creative new tab page ad
[Jul 28, 2021, 9:09:21.1 PM:ERROR:publisher.cc(763)] Publisher info not found
[Jul 28, 2021, 9:09:21.1 PM:ERROR:publisher.cc(763)] Publisher info not found
[Jul 28, 2021, 9:10:53.4 PM:ERROR:creative_new_tab_page_ads_database_table.cc(434)] Failed to get creative new tab page ad
